<?xml version="1.0" encoding="UTF-8"?>
<!-- Generated by org.testng.reporters.JUnitXMLReporter -->
<testsuite ignored="0" hostname="DESKTOP-C33Q231" failures="0" tests="3" name="Default test" time="0.066" errors="0" timestamp="2024-11-22T14:24:51 EST">
  <testcase classname="day15.AnnotationDemo2" name="loginWithEmail" time="0.008"/>
  <testcase classname="day15.AnnotationDemo2" name="logWithTwitter" time="0.002"/>
  <testcase classname="day15.AnnotationDemo2" name="logWithPhoneNumber" time="0.003"/>
</testsuite> <!-- Default test -->
