<?xml version="1.0" encoding="UTF-8"?>
<!-- Generated by org.testng.reporters.JUnitXMLReporter -->
<testsuite ignored="6" hostname="DESKTOP-C33Q231" failures="0" tests="2" name="GroupingTest" time="0.076" errors="0" timestamp="2024-11-29T21:49:57 EST">
  <testcase classname="day16.PaymentTest" name="payinDollars" time="0.012"/>
  <testcase classname="day16.PaymentTest" name="payEuro" time="0.001"/>
  <testcase classname="day16.SignupTest" name="signupbyemail" time="0.0">
    <ignored/>
  </testcase> <!-- signupbyemail -->
  <testcase classname="day16.SignupTest" name="signupbyfacebook" time="0.0">
    <ignored/>
  </testcase> <!-- signupbyfacebook -->
  <testcase classname="day16.LoginTest" name="loginByEmail" time="0.0">
    <ignored/>
  </testcase> <!-- loginByEmail -->
  <testcase classname="day16.LoginTest" name="loginByFacebook" time="0.0">
    <ignored/>
  </testcase> <!-- loginByFacebook -->
  <testcase classname="day16.LoginTest" name="loginByTwitter" time="0.0">
    <ignored/>
  </testcase> <!-- loginByTwitter -->
  <testcase classname="day16.SignupTest" name="signupbytwitter" time="0.0">
    <ignored/>
  </testcase> <!-- signupbytwitter -->
</testsuite> <!-- GroupingTest -->
