<?xml version="1.0" encoding="UTF-8"?>
<!-- Generated by org.testng.reporters.JUnitXMLReporter -->
<testsuite ignored="0" hostname="DESKTOP-C33Q231" failures="0" tests="3" name="Chrome Test" time="13.751" errors="0" timestamp="2024-09-21T22:13:20 EDT">
  <testcase classname="day16.ParallelTest" name="testLogo" time="0.052"/>
  <testcase classname="day16.ParallelTest" name="testTitle" time="0.012"/>
  <testcase classname="day16.ParallelTest" name="testURL" time="0.009"/>
</testsuite> <!-- Chrome Test -->
