<?xml version="1.0" encoding="UTF-8"?>
<!-- Generated by org.testng.reporters.JUnitXMLReporter -->
<testsuite ignored="0" hostname="DESKTOP-C33Q231" failures="0" tests="3" name="Edge Test" time="21.982" errors="0" timestamp="2024-11-29T21:49:26 EST">
  <testcase classname="day16.ParallelTest" name="testLogo" time="0.032"/>
  <testcase classname="day16.ParallelTest" name="testTitle" time="0.01"/>
  <testcase classname="day16.ParallelTest" name="testURL" time="0.012"/>
</testsuite> <!-- Edge Test -->
