<?xml version="1.0" encoding="UTF-8"?>
<!-- Generated by org.testng.reporters.JUnitXMLReporter -->
<testsuite ignored="0" hostname="DESKTOP-C33Q231" failures="0" tests="3" name="firefox Test" time="20.856" errors="0" timestamp="2024-09-21T22:13:28 EDT">
  <testcase classname="day16.ParallelTest" name="testLogo" time="0.041"/>
  <testcase classname="day16.ParallelTest" name="testTitle" time="0.006"/>
  <testcase classname="day16.ParallelTest" name="testURL" time="0.006"/>
</testsuite> <!-- firefox Test -->
