<?xml version="1.0" encoding="UTF-8"?>
<!-- Generated by org.testng.reporters.JUnitXMLReporter -->
<testsuite ignored="0" hostname="DESKTOP-C33Q231" failures="0" tests="3" name="firefox Test" time="14.647" errors="0" timestamp="2024-11-29T21:49:19 EST">
  <testcase classname="day16.ParallelTest" name="testLogo" time="0.045"/>
  <testcase classname="day16.ParallelTest" name="testTitle" time="0.005"/>
  <testcase classname="day16.ParallelTest" name="testURL" time="0.005"/>
</testsuite> <!-- firefox Test -->
