<?xml version="1.0" encoding="UTF-8"?>
<!-- Generated by org.testng.reporters.JUnitXMLReporter -->
<testsuite ignored="0" hostname="DESKTOP-C33Q231" failures="0" tests="12" name="Test2" time="4.227" errors="0" timestamp="2024-11-24T02:34:44 EST">
  <testcase classname="day15.AnnotationDemo" name="search" time="0.001"/>
  <testcase classname="day15.AnnotationDemo" name="advSearch" time="0.001"/>
  <testcase classname="day15.FirstClass" name="opnApp" time="0.001"/>
  <testcase classname="day15.FirstClass" name="login" time="0.001"/>
  <testcase classname="day15.FirstClass" name="logOut" time="0.001"/>
  <testcase classname="day15.OrangeHRMTesr" name="opnApp" time="1.995"/>
  <testcase classname="day15.OrangeHRMTesr" name="testLogo" time="0.319"/>
  <testcase classname="day15.OrangeHRMTesr" name="testLogin" time="0.969"/>
  <testcase classname="day15.OrangeHRMTesr" name="logOut" time="0.908"/>
  <testcase classname="day15.AnnotationDemo2" name="loginWithEmail" time="0.0"/>
  <testcase classname="day15.AnnotationDemo2" name="logWithTwitter" time="0.001"/>
  <testcase classname="day15.AnnotationDemo2" name="logWithPhoneNumber" time="0.001"/>
</testsuite> <!-- Test2 -->
