<?xml version="1.0" encoding="UTF-8"?>
<!-- Generated by org.testng.reporters.JUnitXMLReporter -->
<testsuite ignored="0" hostname="DESKTOP-C33Q231" failures="0" tests="12" name="Test" time="9.816" errors="0" timestamp="2024-11-24T02:30:57 EST">
  <testcase classname="day15.AnnotationDemo" name="search" time="0.013"/>
  <testcase classname="day15.AnnotationDemo" name="advSearch" time="0.003"/>
  <testcase classname="day15.FirstClass" name="opnApp" time="0.003"/>
  <testcase classname="day15.FirstClass" name="login" time="0.002"/>
  <testcase classname="day15.FirstClass" name="logOut" time="0.002"/>
  <testcase classname="day15.OrangeHRMTesr" name="opnApp" time="7.52"/>
  <testcase classname="day15.OrangeHRMTesr" name="testLogo" time="0.316"/>
  <testcase classname="day15.OrangeHRMTesr" name="testLogin" time="0.993"/>
  <testcase classname="day15.OrangeHRMTesr" name="logOut" time="0.845"/>
  <testcase classname="day15.AnnotationDemo2" name="loginWithEmail" time="0.002"/>
  <testcase classname="day15.AnnotationDemo2" name="logWithTwitter" time="0.001"/>
  <testcase classname="day15.AnnotationDemo2" name="logWithPhoneNumber" time="0.001"/>
</testsuite> <!-- Test -->
