<?xml version="1.0" encoding="UTF-8"?>
<!-- Generated by org.testng.reporters.JUnitXMLReporter -->
<testsuite ignored="0" hostname="DESKTOP-C33Q231" failures="0" tests="12" name="Test1" time="5.937" errors="0" timestamp="2024-11-27T14:56:27 EST">
  <testcase classname="day15.AnnotationDemo" name="search" time="0.01"/>
  <testcase classname="day15.AnnotationDemo" name="advSearch" time="0.001"/>
  <testcase classname="day15.FirstClass" name="opnApp" time="0.002"/>
  <testcase classname="day15.FirstClass" name="login" time="0.002"/>
  <testcase classname="day15.FirstClass" name="logOut" time="0.001"/>
  <testcase classname="day15.OrangeHRMTesr" name="opnApp" time="3.874"/>
  <testcase classname="day15.OrangeHRMTesr" name="testLogo" time="0.279"/>
  <testcase classname="day15.OrangeHRMTesr" name="testLogin" time="0.282"/>
  <testcase classname="day15.OrangeHRMTesr" name="logOut" time="1.398"/>
  <testcase classname="day15.AnnotationDemo2" name="loginWithEmail" time="0.001"/>
  <testcase classname="day15.AnnotationDemo2" name="logWithTwitter" time="0.001"/>
  <testcase classname="day15.AnnotationDemo2" name="logWithPhoneNumber" time="0.001"/>
</testsuite> <!-- Test1 -->
