<?xml version="1.0" encoding="UTF-8"?>
<testng-results ignored="6" total="8" passed="2" failed="0" skipped="0">
  <reporter-output>
  </reporter-output>
  <suite started-at="2024-11-29T21:49:57 EST" name="GroupingSuite" finished-at="2024-11-29T21:49:57 EST" duration-ms="76">
    <groups>
      <group name="functional">
        <method signature="PaymentTest.payinDollars()[pri:1, instance:day16.PaymentTest@7b36aa0c]" name="payinDollars" class="day16.PaymentTest"/>
        <method signature="PaymentTest.payEuro()[pri:2, instance:day16.PaymentTest@7b36aa0c]" name="payEuro" class="day16.PaymentTest"/>
      </group> <!-- functional -->
      <group name="regression">
        <method signature="PaymentTest.payinDollars()[pri:1, instance:day16.PaymentTest@7b36aa0c]" name="payinDollars" class="day16.PaymentTest"/>
        <method signature="PaymentTest.payEuro()[pri:2, instance:day16.PaymentTest@7b36aa0c]" name="payEuro" class="day16.PaymentTest"/>
      </group> <!-- regression -->
      <group name="sanity">
        <method signature="PaymentTest.payinDollars()[pri:1, instance:day16.PaymentTest@7b36aa0c]" name="payinDollars" class="day16.PaymentTest"/>
        <method signature="PaymentTest.payEuro()[pri:2, instance:day16.PaymentTest@7b36aa0c]" name="payEuro" class="day16.PaymentTest"/>
      </group> <!-- sanity -->
    </groups>
    <test started-at="2024-11-29T21:49:57 EST" name="GroupingTest" finished-at="2024-11-29T21:49:57 EST" duration-ms="76">
      <class name="day16.PaymentTest">
        <test-method signature="payinDollars()[pri:1, instance:day16.PaymentTest@7b36aa0c]" started-at="2024-11-29T21:49:57 EST" name="payinDollars" finished-at="2024-11-29T21:49:57 EST" duration-ms="12" status="PASS">
          <reporter-output>
          </reporter-output>
        </test-method> <!-- payinDollars -->
        <test-method signature="payEuro()[pri:2, instance:day16.PaymentTest@7b36aa0c]" started-at="2024-11-29T21:49:57 EST" name="payEuro" finished-at="2024-11-29T21:49:57 EST" duration-ms="1" status="PASS">
          <reporter-output>
          </reporter-output>
        </test-method> <!-- payEuro -->
      </class> <!-- day16.PaymentTest -->
    </test> <!-- GroupingTest -->
  </suite> <!-- GroupingSuite -->
</testng-results>
