<?xml version="1.0" encoding="UTF-8"?>
<!-- Generated by org.testng.reporters.JUnitXMLReporter -->
<testsuite ignored="0" hostname="DESKTOP-C33Q231" failures="1" tests="3" name="Listener Test" time="8.496" errors="0" timestamp="2024-09-17T15:11:51 EDT">
  <testcase classname="day16.OrangeHRMTest" name="testLogo" time="0.055"/>
  <testcase classname="day16.OrangeHRMTest" name="testTitle" time="0.02">
    <failure type="java.lang.AssertionError" message="expected [OrangeHRM_T] but found [OrangeHRM]">
      <![CDATA[java.lang.AssertionError: expected [OrangeHRM_T] but found [OrangeHRM]
at day16.OrangeHRMTest.testTitle(OrangeHRMTest.java:52)
at java.base/java.util.ArrayList.forEach(ArrayList.java:1596)
... Removed 31 stack frames]]>
    </failure>
  </testcase> <!-- testTitle -->
  <testcase classname="day16.OrangeHRMTest" name="testURL" time="0.001">
    <skipped/>
  </testcase> <!-- testURL -->
</testsuite> <!-- Listener Test -->
